<?xml version="1.0" encoding="UTF-8"?>
<testng-results ignored="6" total="9" passed="3" failed="0" skipped="0">
  <reporter-output>
  </reporter-output>
  <suite started-at="2022-09-15T00:53:14 BDT" name="Suite" finished-at="2022-09-15T00:55:21 BDT" duration-ms="126761">
    <groups>
    </groups>
    <test started-at="2022-09-15T00:53:14 BDT" name="Test" finished-at="2022-09-15T00:55:21 BDT" duration-ms="126761">
      <class name="testCases.TC002_Search">
        <test-method signature="search()[pri:0, instance:testCases.TC002_Search@3697186]" started-at="2022-09-15T00:53:35 BDT" name="search" finished-at="2022-09-15T00:54:33 BDT" duration-ms="58275" status="PASS">
          <reporter-output>
          </reporter-output>
        </test-method> <!-- search -->
      </class> <!-- testCases.TC002_Search -->
      <class name="testCases.TC003_OrderPlace">
        <test-method signature="orderPlace()[pri:0, instance:testCases.TC003_OrderPlace@5b367418]" started-at="2022-09-15T00:54:33 BDT" name="orderPlace" finished-at="2022-09-15T00:55:21 BDT" duration-ms="47673" status="PASS">
          <reporter-output>
          </reporter-output>
        </test-method> <!-- orderPlace -->
      </class> <!-- testCases.TC003_OrderPlace -->
      <class name="testCases.TC001_login">
        <test-method is-config="true" signature="setup()[pri:0, instance:testCases.TC001_login@291f18]" started-at="2022-09-15T00:53:12 BDT" name="setup" finished-at="2022-09-15T00:53:14 BDT" duration-ms="2490" status="PASS">
          <reporter-output>
          </reporter-output>
        </test-method> <!-- setup -->
        <test-method signature="login()[pri:0, instance:testCases.TC001_login@291f18]" started-at="2022-09-15T00:53:14 BDT" name="login" finished-at="2022-09-15T00:53:35 BDT" duration-ms="20620" status="PASS">
          <reporter-output>
          </reporter-output>
        </test-method> <!-- login -->
        <test-method is-config="true" signature="tearDown()[pri:0, instance:testCases.TC001_login@291f18]" started-at="2022-09-15T00:55:21 BDT" name="tearDown" finished-at="2022-09-15T00:55:22 BDT" duration-ms="532" status="PASS">
          <reporter-output>
          </reporter-output>
        </test-method> <!-- tearDown -->
      </class> <!-- testCases.TC001_login -->
    </test> <!-- Test -->
  </suite> <!-- Suite -->
</testng-results>
